#
# There is insufficient memory for the Java Runtime Environment to continue.
# Native memory allocation (mmap) failed to map 2064384 bytes for G1 virtual space
# Possible reasons:
#   The system is out of physical RAM or swap space
#   The process is running with CompressedOops enabled, and the Java Heap may be blocking the growth of the native heap
# Possible solutions:
#   Reduce memory load on the system
#   Increase physical memory or swap space
#   Check if swap backing store is full
#   Decrease Java heap size (-Xmx/-Xms)
#   Decrease number of Java threads
#   Decrease Java thread stack sizes (-Xss)
#   Set larger code cache with -XX:ReservedCodeCacheSize=
#   JVM is running with Unscaled Compressed Oops mode in which the Java heap is
#     placed in the first 4GB address space. The Java Heap base address is the
#     maximum limit for the native heap growth. Please use -XX:HeapBaseMinAddress
#     to set the Java Heap base and to place the Java Heap above 4GB virtual address.
# This output file may be truncated or incomplete.
#
#  Out of Memory Error (os_windows.cpp:3528), pid=2560, tid=30240
#
# JRE version:  (20.0.1+9) (build )
# Java VM: Java HotSpot(TM) 64-Bit Server VM (20.0.1+9-29, mixed mode, sharing, tiered, compressed oops, compressed class ptrs, g1 gc, windows-amd64)
# No core dump will be written. Minidumps are not enabled by default on client versions of Windows
#

---------------  S U M M A R Y ------------

Command Line: --enable-preview -XX:+ShowCodeDetailsInExceptionMessages quiz.application.Login

Host: Intel(R) Core(TM) i7-10750H CPU @ 2.60GHz, 12 cores, 7G,  Windows 10 , 64 bit Build 19041 (10.0.19041.2364)
Time: Wed May 10 02:30:49 2023 India Standard Time elapsed time: 0.115043 seconds (0d 0h 0m 0s)

---------------  T H R E A D  ---------------

Current thread (0x000001a92901a930):  JavaThread "Unknown thread" [_thread_in_vm, id=30240, stack(0x000000a66ff00000,0x000000a670000000)]

Stack: [0x000000a66ff00000,0x000000a670000000]
Native frames: (J=compiled Java code, j=interpreted, Vv=VM code, C=native code)
V  [jvm.dll+0x6bb95a]
V  [jvm.dll+0x8485fa]
V  [jvm.dll+0x84a1f5]
V  [jvm.dll+0x84a8f3]
V  [jvm.dll+0x280b0f]
V  [jvm.dll+0x6b86e9]
V  [jvm.dll+0x6ad2da]
V  [jvm.dll+0x35adf5]
V  [jvm.dll+0x363016]
V  [jvm.dll+0x3b3b53]
V  [jvm.dll+0x3b3dc5]
V  [jvm.dll+0x32b50a]
V  [jvm.dll+0x32c32b]
V  [jvm.dll+0x8112bf]
V  [jvm.dll+0x3c0d91]
V  [jvm.dll+0x7fcfe3]
V  [jvm.dll+0x44c76f]
V  [jvm.dll+0x44e0e1]
C  [jli.dll+0x5287]
C  [ucrtbase.dll+0x21bb2]
C  [KERNEL32.DLL+0x17614]
C  [ntdll.dll+0x526a1]


---------------  P R O C E S S  ---------------

Threads class SMR info:
_java_thread_list=0x00007ffe7d32a098, length=0, elements={
}

Java Threads: ( => current thread )

Other Threads:
  0x000001a92907c7c0 WorkerThread "GC Thread#0" [stack: 0x000000a670000000,0x000000a670100000] [id=32728]
  0x000001a92908d370 ConcurrentGCThread "G1 Main Marker" [stack: 0x000000a670100000,0x000000a670200000] [id=31904]
  0x000001a92908f550 WorkerThread "G1 Conc#0" [stack: 0x000000a670200000,0x000000a670300000] [id=32988]

[error occurred during error reporting (printing all threads), id 0xc0000005, EXCEPTION_ACCESS_VIOLATION (0xc0000005) at pc=0x00007ffe7cb0eb47]
VM state: not at safepoint (not fully initialized)

VM Mutex/Monitor currently owned by a thread:  ([mutex/lock_event])
[0x000001a9290196c0] Heap_lock - owner thread: 0x000001a92901a930

Heap address: 0x0000000082800000, size: 2008 MB, Compressed Oops mode: 32-bit

CDS archive(s) mapped at: [0x0000000000000000-0x0000000000000000-0x0000000000000000), size 0, SharedBaseAddress: 0x0000000800000000, ArchiveRelocationMode: 0.
Narrow klass base: 0x0000000000000000, Narrow klass shift: 0, Narrow klass range: 0x0

GC Precious Log:
 CardTable entry size: 512
 Card Set container configuration: InlinePtr #cards 5 size 8 Array Of Cards #cards 12 size 40 Howl #buckets 4 coarsen threshold 1843 Howl Bitmap #cards 512 size 80 coarsen threshold 460 Card regions per heap region 1 cards per card region 2048

Heap:
 garbage-first heap   total 0K, used 0K [0x0000000082800000, 0x0000000100000000)
  region size 1024K, 0 young (0K), 0 survivors (0K)

[error occurred during error reporting (printing heap information), id 0xc0000005, EXCEPTION_ACCESS_VIOLATION (0xc0000005) at pc=0x00007ffe7cee3c59]
GC Heap History (0 events):
No events

Dll operation events (1 events):
Event: 0.012 Loaded shared library C:\Program Files\Java\jdk-20\bin\java.dll

Deoptimization events (0 events):
No events

Classes loaded (0 events):
No events

Classes unloaded (0 events):
No events

Classes redefined (0 events):
No events

Internal exceptions (0 events):
No events

VM Operations (0 events):
No events

Events (0 events):
No events


Dynamic libraries:
0x00007ff6a5660000 - 0x00007ff6a5670000 	C:\Program Files\Java\jdk-20\bin\java.exe
0x00007fff0b610000 - 0x00007fff0b808000 	C:\WINDOWS\SYSTEM32\ntdll.dll
0x00007fff09650000 - 0x00007fff0970f000 	C:\WINDOWS\System32\KERNEL32.DLL
0x00007fff08d90000 - 0x00007fff09062000 	C:\WINDOWS\System32\KERNELBASE.dll
0x00007fff090e0000 - 0x00007fff091e0000 	C:\WINDOWS\System32\ucrtbase.dll
0x00007ffef4490000 - 0x00007ffef44a9000 	C:\Program Files\Java\jdk-20\bin\jli.dll
0x00007ffef44b0000 - 0x00007ffef44cb000 	C:\Program Files\Java\jdk-20\bin\VCRUNTIME140.dll
0x00007fff09e10000 - 0x00007fff09ebe000 	C:\WINDOWS\System32\ADVAPI32.dll
0x00007fff0ab30000 - 0x00007fff0abce000 	C:\WINDOWS\System32\msvcrt.dll
0x00007fff09f90000 - 0x00007fff0a02c000 	C:\WINDOWS\System32\sechost.dll
0x00007fff09c40000 - 0x00007fff09d65000 	C:\WINDOWS\System32\RPCRT4.dll
0x00007fff0b3c0000 - 0x00007fff0b561000 	C:\WINDOWS\System32\USER32.dll
0x00007fff09490000 - 0x00007fff094b2000 	C:\WINDOWS\System32\win32u.dll
0x00007fff09a90000 - 0x00007fff09abb000 	C:\WINDOWS\System32\GDI32.dll
0x00007ffefd1f0000 - 0x00007ffefd48a000 	C:\WINDOWS\WinSxS\amd64_microsoft.windows.common-controls_6595b64144ccf1df_6.0.19041.1110_none_60b5254171f9507e\COMCTL32.dll
0x00007fff09380000 - 0x00007fff0948f000 	C:\WINDOWS\System32\gdi32full.dll
0x00007fff09290000 - 0x00007fff0932d000 	C:\WINDOWS\System32\msvcp_win.dll
0x00007fff00110000 - 0x00007fff0011a000 	C:\WINDOWS\SYSTEM32\VERSION.dll
0x00007fff09dd0000 - 0x00007fff09e02000 	C:\WINDOWS\System32\IMM32.DLL
0x00007ffef56d0000 - 0x00007ffef56dc000 	C:\Program Files\Java\jdk-20\bin\vcruntime140_1.dll
0x00007ffecf450000 - 0x00007ffecf4de000 	C:\Program Files\Java\jdk-20\bin\msvcp140.dll
0x00007ffe7c7d0000 - 0x00007ffe7d467000 	C:\Program Files\Java\jdk-20\bin\server\jvm.dll
0x00007ffeed4d0000 - 0x00007ffeed4f7000 	C:\WINDOWS\SYSTEM32\WINMM.dll
0x00007fff01490000 - 0x00007fff01499000 	C:\WINDOWS\SYSTEM32\WSOCK32.dll
0x00007fff0a030000 - 0x00007fff0a09b000 	C:\WINDOWS\System32\WS2_32.dll
0x00007fff07550000 - 0x00007fff07562000 	C:\WINDOWS\SYSTEM32\kernel.appcore.dll
0x00007ffef5690000 - 0x00007ffef569a000 	C:\Program Files\Java\jdk-20\bin\jimage.dll
0x00007fff069a0000 - 0x00007fff06b84000 	C:\WINDOWS\SYSTEM32\DBGHELP.DLL
0x00007ffeff420000 - 0x00007ffeff455000 	C:\WINDOWS\SYSTEM32\dbgcore.DLL
0x00007fff08d00000 - 0x00007fff08d82000 	C:\WINDOWS\System32\bcryptPrimitives.dll
0x00007ffef4460000 - 0x00007ffef4486000 	C:\Program Files\Java\jdk-20\bin\java.dll

dbghelp: loaded successfully - version: 4.0.5 - missing functions: none
symbol engine: initialized successfully - sym options: 0x614 - pdb path: .;C:\Program Files\Java\jdk-20\bin;C:\WINDOWS\SYSTEM32;C:\WINDOWS\WinSxS\amd64_microsoft.windows.common-controls_6595b64144ccf1df_6.0.19041.1110_none_60b5254171f9507e;C:\Program Files\Java\jdk-20\bin\server

VM Arguments:
jvm_args: --enable-preview -XX:+ShowCodeDetailsInExceptionMessages 
java_command: quiz.application.Login
java_class_path (initial): C:\Users\ANAND GARG\AppData\Roaming\Code\User\workspaceStorage\3907e70166b8f0433497a30749731675\redhat.java\jdt_ws\Quiz-Application-Using-Java-master_78e02efc\bin;c:\Users\ANAND GARG\OneDrive\Desktop\Quiz-Application-Using-Java-master\Quiz-Application-Using-Java-master\lib\mysql-connector-j-8.0.32.jar
Launcher Type: SUN_STANDARD

[Global flags]
     intx CICompilerCount                          = 4                                         {product} {ergonomic}
     uint ConcGCThreads                            = 3                                         {product} {ergonomic}
     uint G1ConcRefinementThreads                  = 10                                        {product} {ergonomic}
   size_t G1HeapRegionSize                         = 1048576                                   {product} {ergonomic}
    uintx GCDrainStackTargetSize                   = 64                                        {product} {ergonomic}
   size_t InitialHeapSize                          = 132120576                                 {product} {ergonomic}
   size_t MarkStackSize                            = 4194304                                   {product} {ergonomic}
   size_t MaxHeapSize                              = 2105540608                                {product} {ergonomic}
   size_t MinHeapDeltaBytes                        = 1048576                                   {product} {ergonomic}
   size_t MinHeapSize                              = 8388608                                   {product} {ergonomic}
    uintx NonNMethodCodeHeapSize                   = 5839372                                {pd product} {ergonomic}
    uintx NonProfiledCodeHeapSize                  = 122909434                              {pd product} {ergonomic}
    uintx ProfiledCodeHeapSize                     = 122909434                              {pd product} {ergonomic}
    uintx ReservedCodeCacheSize                    = 251658240                              {pd product} {ergonomic}
     bool SegmentedCodeCache                       = true                                      {product} {ergonomic}
     bool ShowCodeDetailsInExceptionMessages       = true                                   {manageable} {command line}
   size_t SoftMaxHeapSize                          = 2105540608                             {manageable} {ergonomic}
     bool UseCompressedClassPointers               = true                           {product lp64_product} {ergonomic}
     bool UseCompressedOops                        = true                           {product lp64_product} {ergonomic}
     bool UseG1GC                                  = true                                      {product} {ergonomic}
     bool UseLargePagesIndividualAllocation        = false                                  {pd product} {ergonomic}

Logging:
Log output configuration:
 #0: stdout all=warning uptime,level,tags foldmultilines=false
 #1: stderr all=off uptime,level,tags foldmultilines=false

Environment Variables:
CLASSPATH=C:\Program Files (x86)\MySQL\Connector J 8.0\mysql-connector-j-8.0.33.jar;.;
PATH=C:\Python311\Scripts\;C:\Python311\;C:\Program Files\Common Files\Oracle\Java\javapath;C:\Program Files (x86)\Common Files\Oracle\Java\javapath;C:\oraclexe\app\oracle\product\10.2.0\server\bin;C:\Windows\system32;C:\Windows;C:\Windows\System32\Wbem;C:\Windows\System32\WindowsPowerShell\v1.0\;C:\Windows\System32\OpenSSH\;C:\Program Files (x86)\NVIDIA Corporation\PhysX\Common;C:\Program Files\NVIDIA Corporation\NVIDIA NvDLISR;C:\WINDOWS\system32;C:\WINDOWS;C:\WINDOWS\System32\Wbem;C:\WINDOWS\System32\WindowsPowerShell\v1.0\;C:\WINDOWS\System32\OpenSSH\;C:\Program Files\Java\jdk-20\bin;C:\Program Files\nodejs\;C:\ProgramData\chocolatey\bin;C:\Program Files (x86)\MySQL\Connector J 8.0;C:\Program Files\Java\jre-1.8\bin;C:\Users\ANAND GARG\AppData\Local\Programs\Python\Python310\Scripts\;C:\Users\ANAND GARG\AppData\Local\Programs\Python\Python310\;C:\Users\ANAND GARG\AppData\Local\Microsoft\WindowsApps;C:\Users\ANAND GARG\AppData\Local\Programs\Microsoft VS Code\bin;C:\Program Files (x86)\mingw-w64\i686-8.1.0-posix-dwarf-rt_v6-rev0\mingw32\bin;C:\Users\ANAND GARG\AppData\Roaming\npm;"C:\Program Files (x86)\MySQL\Connector J 8.0\mysql-connector-j-8.0.33;.;";
USERNAME=ANAND GARG
LANG=en_US.UTF-8
OS=Windows_NT
PROCESSOR_IDENTIFIER=Intel64 Family 6 Model 165 Stepping 2, GenuineIntel
TMP=C:\Users\ANANDG~1\AppData\Local\Temp
TEMP=C:\Users\ANANDG~1\AppData\Local\Temp




---------------  S Y S T E M  ---------------

OS:
 Windows 10 , 64 bit Build 19041 (10.0.19041.2364)
OS uptime: 2 days 15:22 hours

CPU: total 12 (initial active 12) (6 cores per cpu, 2 threads per core) family 6 model 165 stepping 2 microcode 0xe2, cx8, cmov, fxsr, ht, mmx, 3dnowpref, sse, sse2, sse3, ssse3, sse4.1, sse4.2, popcnt, lzcnt, tsc, tscinvbit, avx, avx2, aes, erms, clmul, bmi1, bmi2, adx, fma, vzeroupper, clflush, clflushopt, rdtscp, f16c, pku

Memory: 4k page, system-wide physical 8027M (627M free)
TotalPageFile size 32603M (AvailPageFile size 4M)
current process WorkingSet (physical memory assigned to process): 10M, peak: 10M
current process commit charge ("private bytes"): 190M, peak: 192M

vm_info: Java HotSpot(TM) 64-Bit Server VM (20.0.1+9-29) for windows-amd64 JRE (20.0.1+9-29), built on 2023-03-07T13:56:11Z by "mach5one" with MS VC++ 17.1 (VS2022)

END.
