#
# There is insufficient memory for the Java Runtime Environment to continue.
# Native memory allocation (mmap) failed to map 65536 bytes for Failed to commit metaspace.
# Possible reasons:
#   The system is out of physical RAM or swap space
#   The process is running with CompressedOops enabled, and the Java Heap may be blocking the growth of the native heap
# Possible solutions:
#   Reduce memory load on the system
#   Increase physical memory or swap space
#   Check if swap backing store is full
#   Decrease Java heap size (-Xmx/-Xms)
#   Decrease number of Java threads
#   Decrease Java thread stack sizes (-Xss)
#   Set larger code cache with -XX:ReservedCodeCacheSize=
#   JVM is running with Unscaled Compressed Oops mode in which the Java heap is
#     placed in the first 4GB address space. The Java Heap base address is the
#     maximum limit for the native heap growth. Please use -XX:HeapBaseMinAddress
#     to set the Java Heap base and to place the Java Heap above 4GB virtual address.
# This output file may be truncated or incomplete.
#
#  Out of Memory Error (virtualSpaceNode.cpp:110), pid=28932, tid=31464
#
# JRE version: Java(TM) SE Runtime Environment (20.0.1+9) (build 20.0.1+9-29)
# Java VM: Java HotSpot(TM) 64-Bit Server VM (20.0.1+9-29, mixed mode, sharing, tiered, compressed oops, compressed class ptrs, g1 gc, windows-amd64)
# No core dump will be written. Minidumps are not enabled by default on client versions of Windows
#

---------------  S U M M A R Y ------------

Command Line: --enable-preview -XX:+ShowCodeDetailsInExceptionMessages quiz.application.Login

Host: Intel(R) Core(TM) i7-10750H CPU @ 2.60GHz, 12 cores, 7G,  Windows 10 , 64 bit Build 19041 (10.0.19041.2364)
Time: Wed May 10 02:30:57 2023 India Standard Time elapsed time: 0.953146 seconds (0d 0h 0m 0s)

---------------  T H R E A D  ---------------

Current thread (0x00000289d2c4d510):  JavaThread "main" [_thread_in_vm, id=31464, stack(0x000000c8f5600000,0x000000c8f5700000)]

Stack: [0x000000c8f5600000,0x000000c8f5700000]
Native frames: (J=compiled Java code, j=interpreted, Vv=VM code, C=native code)
V  [jvm.dll+0x6bb95a]
V  [jvm.dll+0x8485fa]
V  [jvm.dll+0x84a1f5]
V  [jvm.dll+0x84a8f3]
V  [jvm.dll+0x280b0f]
V  [jvm.dll+0x84453b]
V  [jvm.dll+0x65fd86]
V  [jvm.dll+0x1eb4e7]
V  [jvm.dll+0x6627a2]
V  [jvm.dll+0x66258e]
V  [jvm.dll+0x66079e]
V  [jvm.dll+0x26c66f]
V  [jvm.dll+0x66add5]
V  [jvm.dll+0x21b442]
V  [jvm.dll+0x21b975]
V  [jvm.dll+0x21c361]
V  [jvm.dll+0x211780]
V  [jvm.dll+0x59c26c]
V  [jvm.dll+0x222d6a]
V  [jvm.dll+0x7c2cb4]
V  [jvm.dll+0x7c3dff]
V  [jvm.dll+0x7c43af]
V  [jvm.dll+0x7c4058]
V  [jvm.dll+0x27024b]
V  [jvm.dll+0x3d84fe]
C  0x00000289e3a4fb34

Java frames: (J=compiled Java code, j=interpreted, Vv=VM code)
j  java.security.Signature.getInstance(Ljava/lang/String;)Ljava/security/Signature;+95 java.base@20.0.1
j  sun.security.ssl.JsseJce$EcAvailability.<clinit>()V+4 java.base@20.0.1
v  ~StubRoutines::call_stub 0x00000289e3a2100d
j  sun.security.ssl.JsseJce.isEcAvailable()Z+0 java.base@20.0.1
j  sun.security.ssl.CipherSuite$KeyExchange.isAvailable()Z+29 java.base@20.0.1
j  sun.security.ssl.CipherSuite.isAvailable()Z+23 java.base@20.0.1
j  sun.security.ssl.SSLContextImpl.getApplicableCipherSuites(Ljava/util/Collection;Ljava/util/List;)Ljava/util/List;+50 java.base@20.0.1
j  sun.security.ssl.SSLContextImpl.getApplicableSupportedCipherSuites(Ljava/util/List;)Ljava/util/List;+4 java.base@20.0.1
j  sun.security.ssl.SSLContextImpl$AbstractTLSContext.<clinit>()V+84 java.base@20.0.1
v  ~StubRoutines::call_stub 0x00000289e3a2100d
j  java.lang.Class.forName0(Ljava/lang/String;ZLjava/lang/ClassLoader;Ljava/lang/Class;)Ljava/lang/Class;+0 java.base@20.0.1
j  java.lang.Class.forName(Ljava/lang/String;Ljava/lang/Class;)Ljava/lang/Class;+19 java.base@20.0.1
j  java.lang.Class.forName(Ljava/lang/String;)Ljava/lang/Class;+6 java.base@20.0.1
j  java.security.Provider$Service.getImplClass()Ljava/lang/Class;+64 java.base@20.0.1
j  java.security.Provider$Service.getDefaultConstructor()Ljava/lang/reflect/Constructor;+46 java.base@20.0.1
j  java.security.Provider$Service.newInstanceOf()Ljava/lang/Object;+1 java.base@20.0.1
j  java.security.Provider$Service.newInstanceUtil(Ljava/lang/Class;Ljava/lang/Object;)Ljava/lang/Object;+5 java.base@20.0.1
j  java.security.Provider$Service.newInstance(Ljava/lang/Object;)Ljava/lang/Object;+227 java.base@20.0.1
j  sun.security.jca.GetInstance.getInstance(Ljava/security/Provider$Service;Ljava/lang/Class;)Lsun/security/jca/GetInstance$Instance;+2 java.base@20.0.1
j  sun.security.jca.GetInstance.getInstance(Ljava/lang/String;Ljava/lang/Class;Ljava/lang/String;)Lsun/security/jca/GetInstance$Instance;+56 java.base@20.0.1
j  javax.net.ssl.SSLContext.getInstance(Ljava/lang/String;)Ljavax/net/ssl/SSLContext;+12 java.base@20.0.1
j  com.mysql.cj.protocol.ExportControlled.getSSLContext(Lcom/mysql/cj/protocol/ExportControlled$KeyStoreConf;Lcom/mysql/cj/protocol/ExportControlled$KeyStoreConf;ZZLjava/lang/String;Lcom/mysql/cj/exceptions/ExceptionInterceptor;)Ljavax/net/ssl/SSLContext;+914
j  com.mysql.cj.protocol.ExportControlled.performTlsHandshake(Ljava/net/Socket;Lcom/mysql/cj/protocol/SocketConnection;Lcom/mysql/cj/ServerVersion;Lcom/mysql/cj/log/Log;)Ljava/net/Socket;+154
j  com.mysql.cj.protocol.StandardSocketFactory.performTlsHandshake(Lcom/mysql/cj/protocol/SocketConnection;Lcom/mysql/cj/protocol/ServerSession;Lcom/mysql/cj/log/Log;)Ljava/io/Closeable;+21
j  com.mysql.cj.protocol.a.NativeSocketConnection.performTlsHandshake(Lcom/mysql/cj/protocol/ServerSession;Lcom/mysql/cj/log/Log;)V+8
j  com.mysql.cj.protocol.a.NativeProtocol.negotiateSSLConnection()V+116
j  com.mysql.cj.protocol.a.NativeAuthenticationProvider.connect(Ljava/lang/String;Ljava/lang/String;Ljava/lang/String;)V+765
j  com.mysql.cj.protocol.a.NativeProtocol.connect(Ljava/lang/String;Ljava/lang/String;Ljava/lang/String;)V+11
j  com.mysql.cj.NativeSession.connect(Lcom/mysql/cj/conf/HostInfo;Ljava/lang/String;Ljava/lang/String;Ljava/lang/String;ILcom/mysql/cj/TransactionEventHandler;)V+110
j  com.mysql.cj.jdbc.ConnectionImpl.connectOneTryOnly(Z)V+32
j  com.mysql.cj.jdbc.ConnectionImpl.createNewIO(Z)V+27
j  com.mysql.cj.jdbc.ConnectionImpl.<init>(Lcom/mysql/cj/conf/HostInfo;)V+753
j  com.mysql.cj.jdbc.ConnectionImpl.getInstance(Lcom/mysql/cj/conf/HostInfo;)Lcom/mysql/cj/jdbc/JdbcConnection;+5
j  com.mysql.cj.jdbc.NonRegisteringDriver.connect(Ljava/lang/String;Ljava/util/Properties;)Ljava/sql/Connection;+72
j  java.sql.DriverManager.getConnection(Ljava/lang/String;Ljava/util/Properties;Ljava/lang/Class;)Ljava/sql/Connection;+133 java.sql@20.0.1
j  java.sql.DriverManager.getConnection(Ljava/lang/String;Ljava/lang/String;Ljava/lang/String;)Ljava/sql/Connection;+37 java.sql@20.0.1
j  quiz.application.Login.main([Ljava/lang/String;)V+24
v  ~StubRoutines::call_stub 0x00000289e3a2100d

---------------  P R O C E S S  ---------------

Threads class SMR info:
_java_thread_list=0x00000289f5f18d30, length=13, elements={
0x00000289d2c4d510, 0x00000289f196a470, 0x00000289f196b270, 0x00000289f1973c90,
0x00000289f1974930, 0x00000289f1975270, 0x00000289f1978b00, 0x00000289f197dc20,
0x00000289f197ed40, 0x00000289f5cf2f50, 0x00000289f5cf0f70, 0x00000289f5cf1a10,
0x00000289f5f1a080
}

Java Threads: ( => current thread )
=>0x00000289d2c4d510 JavaThread "main" [_thread_in_vm, id=31464, stack(0x000000c8f5600000,0x000000c8f5700000)]
  0x00000289f196a470 JavaThread "Reference Handler" daemon [_thread_blocked, id=29452, stack(0x000000c8f5d00000,0x000000c8f5e00000)]
  0x00000289f196b270 JavaThread "Finalizer" daemon [_thread_blocked, id=29516, stack(0x000000c8f5e00000,0x000000c8f5f00000)]
  0x00000289f1973c90 JavaThread "Signal Dispatcher" daemon [_thread_blocked, id=25792, stack(0x000000c8f5f00000,0x000000c8f6000000)]
  0x00000289f1974930 JavaThread "Attach Listener" daemon [_thread_blocked, id=33272, stack(0x000000c8f6000000,0x000000c8f6100000)]
  0x00000289f1975270 JavaThread "Service Thread" daemon [_thread_blocked, id=33240, stack(0x000000c8f6100000,0x000000c8f6200000)]
  0x00000289f1978b00 JavaThread "Monitor Deflation Thread" daemon [_thread_blocked, id=30532, stack(0x000000c8f6200000,0x000000c8f6300000)]
  0x00000289f197dc20 JavaThread "C2 CompilerThread0" daemon [_thread_blocked, id=34512, stack(0x000000c8f6300000,0x000000c8f6400000)]
  0x00000289f197ed40 JavaThread "C1 CompilerThread0" daemon [_thread_blocked, id=32436, stack(0x000000c8f6400000,0x000000c8f6500000)]
  0x00000289f5cf2f50 JavaThread "Notification Thread" daemon [_thread_blocked, id=24876, stack(0x000000c8f6500000,0x000000c8f6600000)]
  0x00000289f5cf0f70 JavaThread "Common-Cleaner" daemon [_thread_blocked, id=16192, stack(0x000000c8f6700000,0x000000c8f6800000)]
  0x00000289f5cf1a10 JavaThread "mysql-cj-abandoned-connection-cleanup" daemon [_thread_blocked, id=34476, stack(0x000000c8f6800000,0x000000c8f6900000)]
  0x00000289f5f1a080 JavaThread "C2 CompilerThread1" daemon [_thread_blocked, id=27356, stack(0x000000c8f6900000,0x000000c8f6a00000)]

Other Threads:
  0x00000289f194b060 VMThread "VM Thread" [stack: 0x000000c8f5c00000,0x000000c8f5d00000] [id=30064]
  0x00000289f5cfa200 WatcherThread "VM Periodic Task Thread" [stack: 0x000000c8f6600000,0x000000c8f6700000] [id=34352]
  0x00000289d2cad390 WorkerThread "GC Thread#0" [stack: 0x000000c8f5700000,0x000000c8f5800000] [id=32792]
  0x00000289d2cbdf40 ConcurrentGCThread "G1 Main Marker" [stack: 0x000000c8f5800000,0x000000c8f5900000] [id=17036]
  0x00000289d2cbf110 WorkerThread "G1 Conc#0" [stack: 0x000000c8f5900000,0x000000c8f5a00000] [id=21376]
  0x00000289d2d1e3c0 ConcurrentGCThread "G1 Refine#0" [stack: 0x000000c8f5a00000,0x000000c8f5b00000] [id=14420]
  0x00000289f180c110 ConcurrentGCThread "G1 Service" [stack: 0x000000c8f5b00000,0x000000c8f5c00000] [id=33856]

Threads with active compile tasks:

VM state: not at safepoint (normal execution)

VM Mutex/Monitor currently owned by a thread:  ([mutex/lock_event])
[0x00000289d2c47160] Metaspace_lock - owner thread: 0x00000289d2c4d510

Heap address: 0x0000000082800000, size: 2008 MB, Compressed Oops mode: 32-bit

CDS archive(s) mapped at: [0x0000000800000000-0x0000000800c60000-0x0000000800c60000), size 12976128, SharedBaseAddress: 0x0000000800000000, ArchiveRelocationMode: 0.
Compressed class space mapped at: 0x0000000801000000-0x0000000841000000, reserved size: 1073741824
Narrow klass base: 0x0000000800000000, Narrow klass shift: 0, Narrow klass range: 0x100000000

GC Precious Log:
 CardTable entry size: 512
 Card Set container configuration: InlinePtr #cards 5 size 8 Array Of Cards #cards 12 size 40 Howl #buckets 4 coarsen threshold 1843 Howl Bitmap #cards 512 size 80 coarsen threshold 460 Card regions per heap region 1 cards per card region 2048
 CPUs: 12 total, 12 available
 Memory: 8027M
 Large Page Support: Disabled
 NUMA Support: Disabled
 Compressed Oops: Enabled (32-bit)
 Heap Region Size: 1M
 Heap Min Capacity: 8M
 Heap Initial Capacity: 126M
 Heap Max Capacity: 2008M
 Pre-touch: Disabled
 Parallel Workers: 10
 Concurrent Workers: 3
 Concurrent Refinement Workers: 10
 Periodic GC: Disabled

Heap:
 garbage-first heap   total 129024K, used 11264K [0x0000000082800000, 0x0000000100000000)
  region size 1024K, 12 young (12288K), 0 survivors (0K)
 Metaspace       used 6900K, committed 7040K, reserved 1114112K
  class space    used 695K, committed 768K, reserved 1048576K

Heap Regions: E=young(eden), S=young(survivor), O=old, HS=humongous(starts), HC=humongous(continues), CS=collection set, F=free, OA=open archive, CA=closed archive, TAMS=top-at-mark-start, PB=parsable bottom
|   0|0x0000000082800000, 0x0000000082800000, 0x0000000082900000|  0%| F|  |TAMS 0x0000000082800000| PB 0x0000000082800000| Untracked 
|   1|0x0000000082900000, 0x0000000082900000, 0x0000000082a00000|  0%| F|  |TAMS 0x0000000082900000| PB 0x0000000082900000| Untracked 
|   2|0x0000000082a00000, 0x0000000082a00000, 0x0000000082b00000|  0%| F|  |TAMS 0x0000000082a00000| PB 0x0000000082a00000| Untracked 
|   3|0x0000000082b00000, 0x0000000082b00000, 0x0000000082c00000|  0%| F|  |TAMS 0x0000000082b00000| PB 0x0000000082b00000| Untracked 
|   4|0x0000000082c00000, 0x0000000082c00000, 0x0000000082d00000|  0%| F|  |TAMS 0x0000000082c00000| PB 0x0000000082c00000| Untracked 
|   5|0x0000000082d00000, 0x0000000082d00000, 0x0000000082e00000|  0%| F|  |TAMS 0x0000000082d00000| PB 0x0000000082d00000| Untracked 
|   6|0x0000000082e00000, 0x0000000082e00000, 0x0000000082f00000|  0%| F|  |TAMS 0x0000000082e00000| PB 0x0000000082e00000| Untracked 
|   7|0x0000000082f00000, 0x0000000082f00000, 0x0000000083000000|  0%| F|  |TAMS 0x0000000082f00000| PB 0x0000000082f00000| Untracked 
|   8|0x0000000083000000, 0x0000000083000000, 0x0000000083100000|  0%| F|  |TAMS 0x0000000083000000| PB 0x0000000083000000| Untracked 
|   9|0x0000000083100000, 0x0000000083100000, 0x0000000083200000|  0%| F|  |TAMS 0x0000000083100000| PB 0x0000000083100000| Untracked 
|  10|0x0000000083200000, 0x0000000083200000, 0x0000000083300000|  0%| F|  |TAMS 0x0000000083200000| PB 0x0000000083200000| Untracked 
|  11|0x0000000083300000, 0x0000000083300000, 0x0000000083400000|  0%| F|  |TAMS 0x0000000083300000| PB 0x0000000083300000| Untracked 
|  12|0x0000000083400000, 0x0000000083400000, 0x0000000083500000|  0%| F|  |TAMS 0x0000000083400000| PB 0x0000000083400000| Untracked 
|  13|0x0000000083500000, 0x0000000083500000, 0x0000000083600000|  0%| F|  |TAMS 0x0000000083500000| PB 0x0000000083500000| Untracked 
|  14|0x0000000083600000, 0x0000000083600000, 0x0000000083700000|  0%| F|  |TAMS 0x0000000083600000| PB 0x0000000083600000| Untracked 
|  15|0x0000000083700000, 0x0000000083700000, 0x0000000083800000|  0%| F|  |TAMS 0x0000000083700000| PB 0x0000000083700000| Untracked 
|  16|0x0000000083800000, 0x0000000083800000, 0x0000000083900000|  0%| F|  |TAMS 0x0000000083800000| PB 0x0000000083800000| Untracked 
|  17|0x0000000083900000, 0x0000000083900000, 0x0000000083a00000|  0%| F|  |TAMS 0x0000000083900000| PB 0x0000000083900000| Untracked 
|  18|0x0000000083a00000, 0x0000000083a00000, 0x0000000083b00000|  0%| F|  |TAMS 0x0000000083a00000| PB 0x0000000083a00000| Untracked 
|  19|0x0000000083b00000, 0x0000000083b00000, 0x0000000083c00000|  0%| F|  |TAMS 0x0000000083b00000| PB 0x0000000083b00000| Untracked 
|  20|0x0000000083c00000, 0x0000000083c00000, 0x0000000083d00000|  0%| F|  |TAMS 0x0000000083c00000| PB 0x0000000083c00000| Untracked 
|  21|0x0000000083d00000, 0x0000000083d00000, 0x0000000083e00000|  0%| F|  |TAMS 0x0000000083d00000| PB 0x0000000083d00000| Untracked 
|  22|0x0000000083e00000, 0x0000000083e00000, 0x0000000083f00000|  0%| F|  |TAMS 0x0000000083e00000| PB 0x0000000083e00000| Untracked 
|  23|0x0000000083f00000, 0x0000000083f00000, 0x0000000084000000|  0%| F|  |TAMS 0x0000000083f00000| PB 0x0000000083f00000| Untracked 
|  24|0x0000000084000000, 0x0000000084000000, 0x0000000084100000|  0%| F|  |TAMS 0x0000000084000000| PB 0x0000000084000000| Untracked 
|  25|0x0000000084100000, 0x0000000084100000, 0x0000000084200000|  0%| F|  |TAMS 0x0000000084100000| PB 0x0000000084100000| Untracked 
|  26|0x0000000084200000, 0x0000000084200000, 0x0000000084300000|  0%| F|  |TAMS 0x0000000084200000| PB 0x0000000084200000| Untracked 
|  27|0x0000000084300000, 0x0000000084300000, 0x0000000084400000|  0%| F|  |TAMS 0x0000000084300000| PB 0x0000000084300000| Untracked 
|  28|0x0000000084400000, 0x0000000084400000, 0x0000000084500000|  0%| F|  |TAMS 0x0000000084400000| PB 0x0000000084400000| Untracked 
|  29|0x0000000084500000, 0x0000000084500000, 0x0000000084600000|  0%| F|  |TAMS 0x0000000084500000| PB 0x0000000084500000| Untracked 
|  30|0x0000000084600000, 0x0000000084600000, 0x0000000084700000|  0%| F|  |TAMS 0x0000000084600000| PB 0x0000000084600000| Untracked 
|  31|0x0000000084700000, 0x0000000084700000, 0x0000000084800000|  0%| F|  |TAMS 0x0000000084700000| PB 0x0000000084700000| Untracked 
|  32|0x0000000084800000, 0x0000000084800000, 0x0000000084900000|  0%| F|  |TAMS 0x0000000084800000| PB 0x0000000084800000| Untracked 
|  33|0x0000000084900000, 0x0000000084900000, 0x0000000084a00000|  0%| F|  |TAMS 0x0000000084900000| PB 0x0000000084900000| Untracked 
|  34|0x0000000084a00000, 0x0000000084a00000, 0x0000000084b00000|  0%| F|  |TAMS 0x0000000084a00000| PB 0x0000000084a00000| Untracked 
|  35|0x0000000084b00000, 0x0000000084b00000, 0x0000000084c00000|  0%| F|  |TAMS 0x0000000084b00000| PB 0x0000000084b00000| Untracked 
|  36|0x0000000084c00000, 0x0000000084c00000, 0x0000000084d00000|  0%| F|  |TAMS 0x0000000084c00000| PB 0x0000000084c00000| Untracked 
|  37|0x0000000084d00000, 0x0000000084d00000, 0x0000000084e00000|  0%| F|  |TAMS 0x0000000084d00000| PB 0x0000000084d00000| Untracked 
|  38|0x0000000084e00000, 0x0000000084e00000, 0x0000000084f00000|  0%| F|  |TAMS 0x0000000084e00000| PB 0x0000000084e00000| Untracked 
|  39|0x0000000084f00000, 0x0000000084f00000, 0x0000000085000000|  0%| F|  |TAMS 0x0000000084f00000| PB 0x0000000084f00000| Untracked 
|  40|0x0000000085000000, 0x0000000085000000, 0x0000000085100000|  0%| F|  |TAMS 0x0000000085000000| PB 0x0000000085000000| Untracked 
|  41|0x0000000085100000, 0x0000000085100000, 0x0000000085200000|  0%| F|  |TAMS 0x0000000085100000| PB 0x0000000085100000| Untracked 
|  42|0x0000000085200000, 0x0000000085200000, 0x0000000085300000|  0%| F|  |TAMS 0x0000000085200000| PB 0x0000000085200000| Untracked 
|  43|0x0000000085300000, 0x0000000085300000, 0x0000000085400000|  0%| F|  |TAMS 0x0000000085300000| PB 0x0000000085300000| Untracked 
|  44|0x0000000085400000, 0x0000000085400000, 0x0000000085500000|  0%| F|  |TAMS 0x0000000085400000| PB 0x0000000085400000| Untracked 
|  45|0x0000000085500000, 0x0000000085500000, 0x0000000085600000|  0%| F|  |TAMS 0x0000000085500000| PB 0x0000000085500000| Untracked 
|  46|0x0000000085600000, 0x0000000085600000, 0x0000000085700000|  0%| F|  |TAMS 0x0000000085600000| PB 0x0000000085600000| Untracked 
|  47|0x0000000085700000, 0x0000000085700000, 0x0000000085800000|  0%| F|  |TAMS 0x0000000085700000| PB 0x0000000085700000| Untracked 
|  48|0x0000000085800000, 0x0000000085800000, 0x0000000085900000|  0%| F|  |TAMS 0x0000000085800000| PB 0x0000000085800000| Untracked 
|  49|0x0000000085900000, 0x0000000085900000, 0x0000000085a00000|  0%| F|  |TAMS 0x0000000085900000| PB 0x0000000085900000| Untracked 
|  50|0x0000000085a00000, 0x0000000085a00000, 0x0000000085b00000|  0%| F|  |TAMS 0x0000000085a00000| PB 0x0000000085a00000| Untracked 
|  51|0x0000000085b00000, 0x0000000085b00000, 0x0000000085c00000|  0%| F|  |TAMS 0x0000000085b00000| PB 0x0000000085b00000| Untracked 
|  52|0x0000000085c00000, 0x0000000085c00000, 0x0000000085d00000|  0%| F|  |TAMS 0x0000000085c00000| PB 0x0000000085c00000| Untracked 
|  53|0x0000000085d00000, 0x0000000085d00000, 0x0000000085e00000|  0%| F|  |TAMS 0x0000000085d00000| PB 0x0000000085d00000| Untracked 
|  54|0x0000000085e00000, 0x0000000085e00000, 0x0000000085f00000|  0%| F|  |TAMS 0x0000000085e00000| PB 0x0000000085e00000| Untracked 
|  55|0x0000000085f00000, 0x0000000085f00000, 0x0000000086000000|  0%| F|  |TAMS 0x0000000085f00000| PB 0x0000000085f00000| Untracked 
|  56|0x0000000086000000, 0x0000000086000000, 0x0000000086100000|  0%| F|  |TAMS 0x0000000086000000| PB 0x0000000086000000| Untracked 
|  57|0x0000000086100000, 0x0000000086100000, 0x0000000086200000|  0%| F|  |TAMS 0x0000000086100000| PB 0x0000000086100000| Untracked 
|  58|0x0000000086200000, 0x0000000086200000, 0x0000000086300000|  0%| F|  |TAMS 0x0000000086200000| PB 0x0000000086200000| Untracked 
|  59|0x0000000086300000, 0x0000000086300000, 0x0000000086400000|  0%| F|  |TAMS 0x0000000086300000| PB 0x0000000086300000| Untracked 
|  60|0x0000000086400000, 0x0000000086400000, 0x0000000086500000|  0%| F|  |TAMS 0x0000000086400000| PB 0x0000000086400000| Untracked 
|  61|0x0000000086500000, 0x0000000086500000, 0x0000000086600000|  0%| F|  |TAMS 0x0000000086500000| PB 0x0000000086500000| Untracked 
|  62|0x0000000086600000, 0x0000000086600000, 0x0000000086700000|  0%| F|  |TAMS 0x0000000086600000| PB 0x0000000086600000| Untracked 
|  63|0x0000000086700000, 0x0000000086700000, 0x0000000086800000|  0%| F|  |TAMS 0x0000000086700000| PB 0x0000000086700000| Untracked 
|  64|0x0000000086800000, 0x0000000086800000, 0x0000000086900000|  0%| F|  |TAMS 0x0000000086800000| PB 0x0000000086800000| Untracked 
|  65|0x0000000086900000, 0x0000000086900000, 0x0000000086a00000|  0%| F|  |TAMS 0x0000000086900000| PB 0x0000000086900000| Untracked 
|  66|0x0000000086a00000, 0x0000000086a00000, 0x0000000086b00000|  0%| F|  |TAMS 0x0000000086a00000| PB 0x0000000086a00000| Untracked 
|  67|0x0000000086b00000, 0x0000000086b00000, 0x0000000086c00000|  0%| F|  |TAMS 0x0000000086b00000| PB 0x0000000086b00000| Untracked 
|  68|0x0000000086c00000, 0x0000000086c00000, 0x0000000086d00000|  0%| F|  |TAMS 0x0000000086c00000| PB 0x0000000086c00000| Untracked 
|  69|0x0000000086d00000, 0x0000000086d00000, 0x0000000086e00000|  0%| F|  |TAMS 0x0000000086d00000| PB 0x0000000086d00000| Untracked 
|  70|0x0000000086e00000, 0x0000000086e00000, 0x0000000086f00000|  0%| F|  |TAMS 0x0000000086e00000| PB 0x0000000086e00000| Untracked 
|  71|0x0000000086f00000, 0x0000000086f00000, 0x0000000087000000|  0%| F|  |TAMS 0x0000000086f00000| PB 0x0000000086f00000| Untracked 
|  72|0x0000000087000000, 0x0000000087000000, 0x0000000087100000|  0%| F|  |TAMS 0x0000000087000000| PB 0x0000000087000000| Untracked 
|  73|0x0000000087100000, 0x0000000087100000, 0x0000000087200000|  0%| F|  |TAMS 0x0000000087100000| PB 0x0000000087100000| Untracked 
|  74|0x0000000087200000, 0x0000000087200000, 0x0000000087300000|  0%| F|  |TAMS 0x0000000087200000| PB 0x0000000087200000| Untracked 
|  75|0x0000000087300000, 0x0000000087300000, 0x0000000087400000|  0%| F|  |TAMS 0x0000000087300000| PB 0x0000000087300000| Untracked 
|  76|0x0000000087400000, 0x0000000087400000, 0x0000000087500000|  0%| F|  |TAMS 0x0000000087400000| PB 0x0000000087400000| Untracked 
|  77|0x0000000087500000, 0x0000000087500000, 0x0000000087600000|  0%| F|  |TAMS 0x0000000087500000| PB 0x0000000087500000| Untracked 
|  78|0x0000000087600000, 0x0000000087600000, 0x0000000087700000|  0%| F|  |TAMS 0x0000000087600000| PB 0x0000000087600000| Untracked 
|  79|0x0000000087700000, 0x0000000087700000, 0x0000000087800000|  0%| F|  |TAMS 0x0000000087700000| PB 0x0000000087700000| Untracked 
|  80|0x0000000087800000, 0x0000000087800000, 0x0000000087900000|  0%| F|  |TAMS 0x0000000087800000| PB 0x0000000087800000| Untracked 
|  81|0x0000000087900000, 0x0000000087900000, 0x0000000087a00000|  0%| F|  |TAMS 0x0000000087900000| PB 0x0000000087900000| Untracked 
|  82|0x0000000087a00000, 0x0000000087a00000, 0x0000000087b00000|  0%| F|  |TAMS 0x0000000087a00000| PB 0x0000000087a00000| Untracked 
|  83|0x0000000087b00000, 0x0000000087b00000, 0x0000000087c00000|  0%| F|  |TAMS 0x0000000087b00000| PB 0x0000000087b00000| Untracked 
|  84|0x0000000087c00000, 0x0000000087c00000, 0x0000000087d00000|  0%| F|  |TAMS 0x0000000087c00000| PB 0x0000000087c00000| Untracked 
|  85|0x0000000087d00000, 0x0000000087d00000, 0x0000000087e00000|  0%| F|  |TAMS 0x0000000087d00000| PB 0x0000000087d00000| Untracked 
|  86|0x0000000087e00000, 0x0000000087e00000, 0x0000000087f00000|  0%| F|  |TAMS 0x0000000087e00000| PB 0x0000000087e00000| Untracked 
|  87|0x0000000087f00000, 0x0000000087f00000, 0x0000000088000000|  0%| F|  |TAMS 0x0000000087f00000| PB 0x0000000087f00000| Untracked 
|  88|0x0000000088000000, 0x0000000088000000, 0x0000000088100000|  0%| F|  |TAMS 0x0000000088000000| PB 0x0000000088000000| Untracked 
|  89|0x0000000088100000, 0x0000000088100000, 0x0000000088200000|  0%| F|  |TAMS 0x0000000088100000| PB 0x0000000088100000| Untracked 
|  90|0x0000000088200000, 0x0000000088200000, 0x0000000088300000|  0%| F|  |TAMS 0x0000000088200000| PB 0x0000000088200000| Untracked 
|  91|0x0000000088300000, 0x0000000088300000, 0x0000000088400000|  0%| F|  |TAMS 0x0000000088300000| PB 0x0000000088300000| Untracked 
|  92|0x0000000088400000, 0x0000000088400000, 0x0000000088500000|  0%| F|  |TAMS 0x0000000088400000| PB 0x0000000088400000| Untracked 
|  93|0x0000000088500000, 0x0000000088500000, 0x0000000088600000|  0%| F|  |TAMS 0x0000000088500000| PB 0x0000000088500000| Untracked 
|  94|0x0000000088600000, 0x0000000088600000, 0x0000000088700000|  0%| F|  |TAMS 0x0000000088600000| PB 0x0000000088600000| Untracked 
|  95|0x0000000088700000, 0x0000000088700000, 0x0000000088800000|  0%| F|  |TAMS 0x0000000088700000| PB 0x0000000088700000| Untracked 
|  96|0x0000000088800000, 0x0000000088800000, 0x0000000088900000|  0%| F|  |TAMS 0x0000000088800000| PB 0x0000000088800000| Untracked 
|  97|0x0000000088900000, 0x0000000088900000, 0x0000000088a00000|  0%| F|  |TAMS 0x0000000088900000| PB 0x0000000088900000| Untracked 
|  98|0x0000000088a00000, 0x0000000088a00000, 0x0000000088b00000|  0%| F|  |TAMS 0x0000000088a00000| PB 0x0000000088a00000| Untracked 
|  99|0x0000000088b00000, 0x0000000088b00000, 0x0000000088c00000|  0%| F|  |TAMS 0x0000000088b00000| PB 0x0000000088b00000| Untracked 
| 100|0x0000000088c00000, 0x0000000088c00000, 0x0000000088d00000|  0%| F|  |TAMS 0x0000000088c00000| PB 0x0000000088c00000| Untracked 
| 101|0x0000000088d00000, 0x0000000088d00000, 0x0000000088e00000|  0%| F|  |TAMS 0x0000000088d00000| PB 0x0000000088d00000| Untracked 
| 102|0x0000000088e00000, 0x0000000088e00000, 0x0000000088f00000|  0%| F|  |TAMS 0x0000000088e00000| PB 0x0000000088e00000| Untracked 
| 103|0x0000000088f00000, 0x0000000088f00000, 0x0000000089000000|  0%| F|  |TAMS 0x0000000088f00000| PB 0x0000000088f00000| Untracked 
| 104|0x0000000089000000, 0x0000000089000000, 0x0000000089100000|  0%| F|  |TAMS 0x0000000089000000| PB 0x0000000089000000| Untracked 
| 105|0x0000000089100000, 0x0000000089100000, 0x0000000089200000|  0%| F|  |TAMS 0x0000000089100000| PB 0x0000000089100000| Untracked 
| 106|0x0000000089200000, 0x0000000089200000, 0x0000000089300000|  0%| F|  |TAMS 0x0000000089200000| PB 0x0000000089200000| Untracked 
| 107|0x0000000089300000, 0x0000000089300000, 0x0000000089400000|  0%| F|  |TAMS 0x0000000089300000| PB 0x0000000089300000| Untracked 
| 108|0x0000000089400000, 0x0000000089400000, 0x0000000089500000|  0%| F|  |TAMS 0x0000000089400000| PB 0x0000000089400000| Untracked 
| 109|0x0000000089500000, 0x0000000089500000, 0x0000000089600000|  0%| F|  |TAMS 0x0000000089500000| PB 0x0000000089500000| Untracked 
| 110|0x0000000089600000, 0x0000000089600000, 0x0000000089700000|  0%| F|  |TAMS 0x0000000089600000| PB 0x0000000089600000| Untracked 
| 111|0x0000000089700000, 0x0000000089700000, 0x0000000089800000|  0%| F|  |TAMS 0x0000000089700000| PB 0x0000000089700000| Untracked 
| 112|0x0000000089800000, 0x0000000089800000, 0x0000000089900000|  0%| F|  |TAMS 0x0000000089800000| PB 0x0000000089800000| Untracked 
| 113|0x0000000089900000, 0x0000000089900000, 0x0000000089a00000|  0%| F|  |TAMS 0x0000000089900000| PB 0x0000000089900000| Untracked 
| 114|0x0000000089a00000, 0x0000000089aec080, 0x0000000089b00000| 92%| E|  |TAMS 0x0000000089a00000| PB 0x0000000089a00000| Complete 
| 115|0x0000000089b00000, 0x0000000089c00000, 0x0000000089c00000|100%| E|CS|TAMS 0x0000000089b00000| PB 0x0000000089b00000| Complete 
| 116|0x0000000089c00000, 0x0000000089d00000, 0x0000000089d00000|100%| E|CS|TAMS 0x0000000089c00000| PB 0x0000000089c00000| Complete 
| 117|0x0000000089d00000, 0x0000000089e00000, 0x0000000089e00000|100%| E|CS|TAMS 0x0000000089d00000| PB 0x0000000089d00000| Complete 
| 118|0x0000000089e00000, 0x0000000089f00000, 0x0000000089f00000|100%| E|CS|TAMS 0x0000000089e00000| PB 0x0000000089e00000| Complete 
| 119|0x0000000089f00000, 0x000000008a000000, 0x000000008a000000|100%| E|CS|TAMS 0x0000000089f00000| PB 0x0000000089f00000| Complete 
| 120|0x000000008a000000, 0x000000008a100000, 0x000000008a100000|100%| E|CS|TAMS 0x000000008a000000| PB 0x000000008a000000| Complete 
| 121|0x000000008a100000, 0x000000008a200000, 0x000000008a200000|100%| E|CS|TAMS 0x000000008a100000| PB 0x000000008a100000| Complete 
| 122|0x000000008a200000, 0x000000008a300000, 0x000000008a300000|100%| E|CS|TAMS 0x000000008a200000| PB 0x000000008a200000| Complete 
| 123|0x000000008a300000, 0x000000008a400000, 0x000000008a400000|100%| E|CS|TAMS 0x000000008a300000| PB 0x000000008a300000| Complete 
| 124|0x000000008a400000, 0x000000008a500000, 0x000000008a500000|100%| E|CS|TAMS 0x000000008a400000| PB 0x000000008a400000| Complete 
| 125|0x000000008a500000, 0x000000008a600000, 0x000000008a600000|100%| E|CS|TAMS 0x000000008a500000| PB 0x000000008a500000| Complete 

Card table byte_map: [0x00000289ec560000,0x00000289ec950000] _byte_map_base: 0x00000289ec14c000

Marking Bits: (CMBitMap*) 0x00000289d2cad9c0
 Bits: [0x00000289ecd40000, 0x00000289eeca0000)

Polling page: 0x00000289d29c0000

Metaspace:

Usage:
  Non-class:      6.06 MB used.
      Class:    695.38 KB used.
       Both:      6.74 MB used.

Virtual space:
  Non-class space:       64.00 MB reserved,       6.12 MB ( 10%) committed,  1 nodes.
      Class space:        1.00 GB reserved,     768.00 KB ( <1%) committed,  1 nodes.
             Both:        1.06 GB reserved,       6.88 MB ( <1%) committed. 

Chunk freelists:
   Non-Class:  930.00 KB
       Class:  3.23 MB
        Both:  4.13 MB

MaxMetaspaceSize: unlimited
CompressedClassSpaceSize: 1.00 GB
Initial GC threshold: 21.00 MB
Current GC threshold: 21.00 MB
CDS: on
MetaspaceReclaimPolicy: balanced
 - commit_granule_bytes: 65536.
 - commit_granule_words: 8192.
 - virtual_space_node_default_size: 8388608.
 - enlarge_chunks_in_place: 1.
 - new_chunks_are_fully_committed: 0.
 - uncommit_free_chunks: 1.
 - use_allocation_guard: 0.


Internal statistics:

num_allocs_failed_limit: 0.
num_arena_births: 92.
num_arena_deaths: 0.
num_vsnodes_births: 2.
num_vsnodes_deaths: 0.
num_space_committed: 110.
num_space_uncommitted: 0.
num_chunks_returned_to_freelist: 0.
num_chunks_taken_from_freelist: 209.
num_chunk_merges: 0.
num_chunk_splits: 137.
num_chunks_enlarged: 86.
num_inconsistent_stats: 0.

CodeHeap 'non-profiled nmethods': size=120000Kb used=285Kb max_used=285Kb free=119714Kb
 bounds [0x00000289e3fc0000, 0x00000289e4230000, 0x00000289eb4f0000]
CodeHeap 'profiled nmethods': size=120000Kb used=1307Kb max_used=1307Kb free=118692Kb
 bounds [0x00000289dc4f0000, 0x00000289dc760000, 0x00000289e3a20000]
CodeHeap 'non-nmethods': size=5760Kb used=1484Kb max_used=1499Kb free=4275Kb
 bounds [0x00000289e3a20000, 0x00000289e3c90000, 0x00000289e3fc0000]
 total_blobs=1342 nmethods=830 adapters=423
 compilation: enabled
              stopped_count=0, restarted_count=0
 full_count=0

Compilation events (20 events):
Event: 0.583 Thread 0x00000289f5f1a080 nmethod 817 0x00000289e4006e90 code [0x00000289e4007040, 0x00000289e4007408]
Event: 0.583 Thread 0x00000289f197ed40 nmethod 821 0x00000289dc632a90 code [0x00000289dc632d20, 0x00000289dc633d58]
Event: 0.583 Thread 0x00000289f197ed40  822       3       java.util.Collections$EmptyList::iterator (4 bytes)
Event: 0.584 Thread 0x00000289f197ed40 nmethod 822 0x00000289dc634310 code [0x00000289dc6344a0, 0x00000289dc634610]
Event: 0.584 Thread 0x00000289f197ed40  823       3       java.util.Arrays$ArrayList::size (6 bytes)
Event: 0.584 Thread 0x00000289f197ed40 nmethod 823 0x00000289dc634710 code [0x00000289dc6348a0, 0x00000289dc6349b8]
Event: 0.584 Thread 0x00000289f197ed40  824       3       java.util.AbstractCollection::isEmpty (13 bytes)
Event: 0.584 Thread 0x00000289f197ed40 nmethod 824 0x00000289dc634a90 code [0x00000289dc634c20, 0x00000289dc634e48]
Event: 0.584 Thread 0x00000289f197ed40  825       3       java.lang.Integer::equals (29 bytes)
Event: 0.584 Thread 0x00000289f197ed40 nmethod 825 0x00000289dc634f10 code [0x00000289dc6350c0, 0x00000289dc6354a0]
Event: 0.585 Thread 0x00000289f197ed40  826       3       java.util.regex.Matcher::search (154 bytes)
Event: 0.585 Thread 0x00000289f197ed40 nmethod 826 0x00000289dc635590 code [0x00000289dc635760, 0x00000289dc635cf8]
Event: 0.585 Thread 0x00000289f197ed40  827       3       jdk.internal.access.SharedSecrets::getJavaLangAccess (4 bytes)
Event: 0.585 Thread 0x00000289f197ed40 nmethod 827 0x00000289dc635f10 code [0x00000289dc6360a0, 0x00000289dc636198]
Event: 0.585 Thread 0x00000289f197ed40  828       3       java.util.regex.ASCII::toLower (16 bytes)
Event: 0.585 Thread 0x00000289f197ed40 nmethod 828 0x00000289dc636210 code [0x00000289dc6363a0, 0x00000289dc6365a8]
Event: 0.585 Thread 0x00000289f197ed40  829       3       java.util.regex.ASCII::isUpper (18 bytes)
Event: 0.586 Thread 0x00000289f197ed40 nmethod 829 0x00000289dc636690 code [0x00000289dc636820, 0x00000289dc636978]
Event: 0.587 Thread 0x00000289f197ed40  830       3       java.nio.ByteBuffer::position (8 bytes)
Event: 0.587 Thread 0x00000289f197ed40 nmethod 830 0x00000289dc636a10 code [0x00000289dc636ba0, 0x00000289dc636cf0]

GC Heap History (0 events):
No events

Dll operation events (8 events):
Event: 0.009 Loaded shared library C:\Program Files\Java\jdk-20\bin\java.dll
Event: 0.019 Loaded shared library C:\Program Files\Java\jdk-20\bin\jsvml.dll
Event: 0.081 Loaded shared library C:\Program Files\Java\jdk-20\bin\jimage.dll
Event: 0.089 Loaded shared library C:\Program Files\Java\jdk-20\bin\net.dll
Event: 0.091 Loaded shared library C:\Program Files\Java\jdk-20\bin\nio.dll
Event: 0.095 Loaded shared library C:\Program Files\Java\jdk-20\bin\zip.dll
Event: 0.114 Loaded shared library C:\Program Files\Java\jdk-20\bin\awt.dll
Event: 0.333 Loaded shared library C:\Program Files\Java\jdk-20\bin\extnet.dll

Deoptimization events (20 events):
Event: 0.282 Thread 0x00000289d2c4d510 DEOPT PACKING pc=0x00000289dc506741 sp=0x000000c8f56fe1a0
Event: 0.282 Thread 0x00000289d2c4d510 DEOPT UNPACKING pc=0x00000289e3a8a4c2 sp=0x000000c8f56fd618 mode 0
Event: 0.314 Thread 0x00000289d2c4d510 DEOPT PACKING pc=0x00000289dc55e375 sp=0x000000c8f56f8c40
Event: 0.314 Thread 0x00000289d2c4d510 DEOPT UNPACKING pc=0x00000289e3a8a4c2 sp=0x000000c8f56f80b8 mode 0
Event: 0.342 Thread 0x00000289d2c4d510 DEOPT PACKING pc=0x00000289dc572847 sp=0x000000c8f56fa290
Event: 0.342 Thread 0x00000289d2c4d510 DEOPT UNPACKING pc=0x00000289e3a8a4c2 sp=0x000000c8f56f9728 mode 0
Event: 0.430 Thread 0x00000289d2c4d510 DEOPT PACKING pc=0x00000289dc56eed9 sp=0x000000c8f56fdf70
Event: 0.430 Thread 0x00000289d2c4d510 DEOPT UNPACKING pc=0x00000289e3a8a4c2 sp=0x000000c8f56fd468 mode 0
Event: 0.440 Thread 0x00000289d2c4d510 Uncommon trap: trap_request=0xffffff45 fr.pc=0x00000289e3fe801c relative=0x000000000000027c
Event: 0.440 Thread 0x00000289d2c4d510 Uncommon trap: reason=unstable_if action=reinterpret pc=0x00000289e3fe801c method=java.lang.String.startsWith(Ljava/lang/String;I)Z @ 1 c2
Event: 0.441 Thread 0x00000289d2c4d510 DEOPT PACKING pc=0x00000289e3fe801c sp=0x000000c8f56fd950
Event: 0.441 Thread 0x00000289d2c4d510 DEOPT UNPACKING pc=0x00000289e3a89d22 sp=0x000000c8f56fd8b8 mode 2
Event: 0.586 Thread 0x00000289d2c4d510 Uncommon trap: trap_request=0xffffffc6 fr.pc=0x00000289e4007378 relative=0x0000000000000338
Event: 0.586 Thread 0x00000289d2c4d510 Uncommon trap: reason=bimorphic_or_optimized_type_check action=maybe_recompile pc=0x00000289e4007378 method=java.util.concurrent.ConcurrentHashMap.get(Ljava/lang/Object;)Ljava/lang/Object; @ 149 c2
Event: 0.586 Thread 0x00000289d2c4d510 DEOPT PACKING pc=0x00000289e4007378 sp=0x000000c8f56fc840
Event: 0.586 Thread 0x00000289d2c4d510 DEOPT UNPACKING pc=0x00000289e3a89d22 sp=0x000000c8f56fc7b0 mode 2
Event: 0.589 Thread 0x00000289d2c4d510 Uncommon trap: trap_request=0xffffffc6 fr.pc=0x00000289e4007378 relative=0x0000000000000338
Event: 0.589 Thread 0x00000289d2c4d510 Uncommon trap: reason=bimorphic_or_optimized_type_check action=maybe_recompile pc=0x00000289e4007378 method=java.util.concurrent.ConcurrentHashMap.get(Ljava/lang/Object;)Ljava/lang/Object; @ 149 c2
Event: 0.589 Thread 0x00000289d2c4d510 DEOPT PACKING pc=0x00000289e4007378 sp=0x000000c8f56fc4d0
Event: 0.589 Thread 0x00000289d2c4d510 DEOPT UNPACKING pc=0x00000289e3a89d22 sp=0x000000c8f56fc440 mode 2

Classes loaded (20 events):
Event: 0.586 Loading class jdk/internal/access/JavaSecuritySignatureAccess
Event: 0.586 Loading class jdk/internal/access/JavaSecuritySignatureAccess done
Event: 0.586 Loading class java/security/Signature$1 done
Event: 0.587 Loading class java/security/interfaces/ECKey
Event: 0.587 Loading class java/security/interfaces/ECKey done
Event: 0.588 Loading class java/security/MessageDigest
Event: 0.588 Loading class java/security/MessageDigestSpi
Event: 0.588 Loading class java/security/MessageDigestSpi done
Event: 0.588 Loading class java/security/MessageDigest done
Event: 0.589 Loading class sun/security/provider/SHA
Event: 0.590 Loading class sun/security/provider/DigestBase
Event: 0.590 Loading class sun/security/provider/DigestBase done
Event: 0.590 Loading class sun/security/provider/SHA done
Event: 0.591 Loading class java/security/MessageDigest$Delegate
Event: 0.592 Loading class sun/security/util/MessageDigestSpi2
Event: 0.592 Loading class sun/security/util/MessageDigestSpi2 done
Event: 0.592 Loading class java/security/MessageDigest$Delegate done
Event: 0.592 Loading class java/security/MessageDigest$Delegate$CloneableDelegate
Event: 0.592 Loading class java/security/MessageDigest$Delegate$CloneableDelegate done
Event: 0.592 Loading class java/security/Signature$Delegate

Classes unloaded (0 events):
No events

Classes redefined (0 events):
No events

Internal exceptions (10 events):
Event: 0.099 Thread 0x00000289d2c4d510 Exception <a 'java/lang/ClassNotFoundException'{0x000000008a4ec658}: sun/awt/resources/spi/awtProvider> (0x000000008a4ec658) 
thrown [s\open\src\hotspot\share\classfile\systemDictionary.cpp, line 305]
Event: 0.124 Thread 0x00000289d2c4d510 Exception <a 'java/io/FileNotFoundException'{0x000000008a347b50}> (0x000000008a347b50) 
thrown [s\open\src\hotspot\share\prims\jni.cpp, line 519]
Event: 0.132 Thread 0x00000289d2c4d510 Exception <a 'java/io/FileNotFoundException'{0x000000008a371b60}> (0x000000008a371b60) 
thrown [s\open\src\hotspot\share\prims\jni.cpp, line 519]
Event: 0.185 Thread 0x00000289d2c4d510 Exception <a 'java/lang/NoSuchMethodError'{0x000000008a2ff148}: 'java.lang.Object java.lang.invoke.DirectMethodHandle$Holder.invokeInterface(java.lang.Object, java.lang.Object)'> (0x000000008a2ff148) 
thrown [s\open\src\hotspot\share\interpreter\linkResolver.cpp, line 773]
Event: 0.211 Thread 0x00000289d2c4d510 Exception <a 'java/lang/NoSuchMethodError'{0x000000008a1787a0}: 'void java.lang.invoke.DirectMethodHandle$Holder.invokeSpecial(java.lang.Object, java.lang.Object, java.lang.Object)'> (0x000000008a1787a0) 
thrown [s\open\src\hotspot\share\interpreter\linkResolver.cpp, line 773]
Event: 0.212 Thread 0x00000289d2c4d510 Exception <a 'java/lang/NoSuchMethodError'{0x000000008a17ed80}: 'void java.lang.invoke.DirectMethodHandle$Holder.invokeStatic(java.lang.Object, java.lang.Object, java.lang.Object)'> (0x000000008a17ed80) 
thrown [s\open\src\hotspot\share\interpreter\linkResolver.cpp, line 773]
Event: 0.214 Thread 0x00000289d2c4d510 Exception <a 'java/lang/NoSuchMethodError'{0x000000008a188d08}: 'java.lang.Object java.lang.invoke.DirectMethodHandle$Holder.invokeVirtual(java.lang.Object, java.lang.Object, java.lang.Object)'> (0x000000008a188d08) 
thrown [s\open\src\hotspot\share\interpreter\linkResolver.cpp, line 773]
Event: 0.334 Thread 0x00000289d2c4d510 Exception <a 'java/lang/NoSuchMethodError'{0x0000000089eabba8}: 'void java.lang.invoke.DirectMethodHandle$Holder.invokeStatic(java.lang.Object, java.lang.Object)'> (0x0000000089eabba8) 
thrown [s\open\src\hotspot\share\interpreter\linkResolver.cpp, line 773]
Event: 0.430 Thread 0x00000289d2c4d510 Exception <a 'java/lang/NoSuchMethodError'{0x0000000089b47728}: 'void java.lang.invoke.DirectMethodHandle$Holder.invokeStaticInit(java.lang.Object, java.lang.Object)'> (0x0000000089b47728) 
thrown [s\open\src\hotspot\share\interpreter\linkResolver.cpp, line 773]
Event: 0.512 Thread 0x00000289d2c4d510 Exception <a 'sun/nio/fs/WindowsException'{0x0000000089a80c28}> (0x0000000089a80c28) 
thrown [s\open\src\hotspot\share\prims\jni.cpp, line 519]

VM Operations (8 events):
Event: 0.139 Executing VM operation: HandshakeAllThreads
Event: 0.139 Executing VM operation: HandshakeAllThreads done
Event: 0.146 Executing VM operation: HandshakeAllThreads
Event: 0.146 Executing VM operation: HandshakeAllThreads done
Event: 0.318 Executing VM operation: HandshakeAllThreads
Event: 0.318 Executing VM operation: HandshakeAllThreads done
Event: 0.566 Executing VM operation: HandshakeAllThreads
Event: 0.566 Executing VM operation: HandshakeAllThreads done

Events (13 events):
Event: 0.019 Thread 0x00000289d2c4d510 Thread added: 0x00000289d2c4d510
Event: 0.035 Thread 0x00000289f196a470 Thread added: 0x00000289f196a470
Event: 0.035 Thread 0x00000289f196b270 Thread added: 0x00000289f196b270
Event: 0.035 Thread 0x00000289f1973c90 Thread added: 0x00000289f1973c90
Event: 0.035 Thread 0x00000289f1974930 Thread added: 0x00000289f1974930
Event: 0.035 Thread 0x00000289f1975270 Thread added: 0x00000289f1975270
Event: 0.035 Thread 0x00000289f1978b00 Thread added: 0x00000289f1978b00
Event: 0.036 Thread 0x00000289f197dc20 Thread added: 0x00000289f197dc20
Event: 0.036 Thread 0x00000289f197ed40 Thread added: 0x00000289f197ed40
Event: 0.060 Thread 0x00000289f5cf2f50 Thread added: 0x00000289f5cf2f50
Event: 0.066 Thread 0x00000289f5cf0f70 Thread added: 0x00000289f5cf0f70
Event: 0.149 Thread 0x00000289f5cf1a10 Thread added: 0x00000289f5cf1a10
Event: 0.198 Thread 0x00000289f5f1a080 Thread added: 0x00000289f5f1a080


Dynamic libraries:
0x00007ff6a5660000 - 0x00007ff6a5670000 	C:\Program Files\Java\jdk-20\bin\java.exe
0x00007fff0b610000 - 0x00007fff0b808000 	C:\WINDOWS\SYSTEM32\ntdll.dll
0x00007fff09650000 - 0x00007fff0970f000 	C:\WINDOWS\System32\KERNEL32.DLL
0x00007fff08d90000 - 0x00007fff09062000 	C:\WINDOWS\System32\KERNELBASE.dll
0x00007fff090e0000 - 0x00007fff091e0000 	C:\WINDOWS\System32\ucrtbase.dll
0x00007ffef44b0000 - 0x00007ffef44cb000 	C:\Program Files\Java\jdk-20\bin\VCRUNTIME140.dll
0x00007ffef4490000 - 0x00007ffef44a9000 	C:\Program Files\Java\jdk-20\bin\jli.dll
0x00007fff09e10000 - 0x00007fff09ebe000 	C:\WINDOWS\System32\ADVAPI32.dll
0x00007fff0ab30000 - 0x00007fff0abce000 	C:\WINDOWS\System32\msvcrt.dll
0x00007fff09f90000 - 0x00007fff0a02c000 	C:\WINDOWS\System32\sechost.dll
0x00007fff09c40000 - 0x00007fff09d65000 	C:\WINDOWS\System32\RPCRT4.dll
0x00007fff0b3c0000 - 0x00007fff0b561000 	C:\WINDOWS\System32\USER32.dll
0x00007fff09490000 - 0x00007fff094b2000 	C:\WINDOWS\System32\win32u.dll
0x00007fff09a90000 - 0x00007fff09abb000 	C:\WINDOWS\System32\GDI32.dll
0x00007ffefd1f0000 - 0x00007ffefd48a000 	C:\WINDOWS\WinSxS\amd64_microsoft.windows.common-controls_6595b64144ccf1df_6.0.19041.1110_none_60b5254171f9507e\COMCTL32.dll
0x00007fff09380000 - 0x00007fff0948f000 	C:\WINDOWS\System32\gdi32full.dll
0x00007fff09290000 - 0x00007fff0932d000 	C:\WINDOWS\System32\msvcp_win.dll
0x00007fff00110000 - 0x00007fff0011a000 	C:\WINDOWS\SYSTEM32\VERSION.dll
0x00007fff09dd0000 - 0x00007fff09e02000 	C:\WINDOWS\System32\IMM32.DLL
0x00007ffef56d0000 - 0x00007ffef56dc000 	C:\Program Files\Java\jdk-20\bin\vcruntime140_1.dll
0x00007ffecf450000 - 0x00007ffecf4de000 	C:\Program Files\Java\jdk-20\bin\msvcp140.dll
0x00007ffe7c7d0000 - 0x00007ffe7d467000 	C:\Program Files\Java\jdk-20\bin\server\jvm.dll
0x00007ffeed4d0000 - 0x00007ffeed4f7000 	C:\WINDOWS\SYSTEM32\WINMM.dll
0x00007fff01490000 - 0x00007fff01499000 	C:\WINDOWS\SYSTEM32\WSOCK32.dll
0x00007fff0a030000 - 0x00007fff0a09b000 	C:\WINDOWS\System32\WS2_32.dll
0x00007fff07550000 - 0x00007fff07562000 	C:\WINDOWS\SYSTEM32\kernel.appcore.dll
0x00007ffef5690000 - 0x00007ffef569a000 	C:\Program Files\Java\jdk-20\bin\jimage.dll
0x00007fff069a0000 - 0x00007fff06b84000 	C:\WINDOWS\SYSTEM32\DBGHELP.DLL
0x00007ffeff420000 - 0x00007ffeff455000 	C:\WINDOWS\SYSTEM32\dbgcore.DLL
0x00007fff08d00000 - 0x00007fff08d82000 	C:\WINDOWS\System32\bcryptPrimitives.dll
0x00007ffef4460000 - 0x00007ffef4486000 	C:\Program Files\Java\jdk-20\bin\java.dll
0x00007ffec64c0000 - 0x00007ffec6597000 	C:\Program Files\Java\jdk-20\bin\jsvml.dll
0x00007fff0a3e0000 - 0x00007fff0ab24000 	C:\WINDOWS\System32\SHELL32.dll
0x00007fff06b90000 - 0x00007fff07322000 	C:\WINDOWS\SYSTEM32\windows.storage.dll
0x00007fff0abe0000 - 0x00007fff0af35000 	C:\WINDOWS\System32\combase.dll
0x00007fff08760000 - 0x00007fff08790000 	C:\WINDOWS\SYSTEM32\Wldp.dll
0x00007fff09b90000 - 0x00007fff09c3d000 	C:\WINDOWS\System32\SHCORE.dll
0x00007fff099d0000 - 0x00007fff09a25000 	C:\WINDOWS\System32\shlwapi.dll
0x00007fff08c40000 - 0x00007fff08c5f000 	C:\WINDOWS\SYSTEM32\profapi.dll
0x00007ffef0890000 - 0x00007ffef08a3000 	C:\Program Files\Java\jdk-20\bin\net.dll
0x00007ffeffef0000 - 0x00007ffeffffc000 	C:\WINDOWS\SYSTEM32\WINHTTP.dll
0x00007fff084c0000 - 0x00007fff0852a000 	C:\WINDOWS\system32\mswsock.dll
0x00007ffef0870000 - 0x00007ffef0886000 	C:\Program Files\Java\jdk-20\bin\nio.dll
0x00007ffee0080000 - 0x00007ffee0098000 	C:\Program Files\Java\jdk-20\bin\zip.dll
0x00007ffec0e10000 - 0x00007ffec0fa1000 	C:\Program Files\Java\jdk-20\bin\awt.dll
0x00007fff09ac0000 - 0x00007fff09b8d000 	C:\WINDOWS\System32\OLEAUT32.dll
0x00007fff06040000 - 0x00007fff060d1000 	C:\WINDOWS\SYSTEM32\apphelp.dll
0x00007fff081b0000 - 0x00007fff0827a000 	C:\WINDOWS\SYSTEM32\DNSAPI.dll
0x00007fff08160000 - 0x00007fff0819b000 	C:\WINDOWS\SYSTEM32\IPHLPAPI.DLL
0x00007fff0abd0000 - 0x00007fff0abd8000 	C:\WINDOWS\System32\NSI.dll
0x00007fff00f60000 - 0x00007fff00f6a000 	C:\Windows\System32\rasadhlp.dll
0x00007ffefe230000 - 0x00007ffefe2b0000 	C:\WINDOWS\System32\fwpuclnt.dll
0x00007fff09620000 - 0x00007fff09647000 	C:\WINDOWS\System32\bcrypt.dll
0x00007fff032d0000 - 0x00007fff032d7000 	C:\Program Files\Java\jdk-20\bin\extnet.dll

dbghelp: loaded successfully - version: 4.0.5 - missing functions: none
symbol engine: initialized successfully - sym options: 0x614 - pdb path: .;C:\Program Files\Java\jdk-20\bin;C:\WINDOWS\SYSTEM32;C:\WINDOWS\WinSxS\amd64_microsoft.windows.common-controls_6595b64144ccf1df_6.0.19041.1110_none_60b5254171f9507e;C:\Program Files\Java\jdk-20\bin\server

VM Arguments:
jvm_args: --enable-preview -XX:+ShowCodeDetailsInExceptionMessages 
java_command: quiz.application.Login
java_class_path (initial): C:\Users\ANAND GARG\AppData\Roaming\Code\User\workspaceStorage\3907e70166b8f0433497a30749731675\redhat.java\jdt_ws\Quiz-Application-Using-Java-master_78e02efc\bin;c:\Users\ANAND GARG\OneDrive\Desktop\Quiz-Application-Using-Java-master\Quiz-Application-Using-Java-master\lib\mysql-connector-j-8.0.32.jar
Launcher Type: SUN_STANDARD

[Global flags]
     intx CICompilerCount                          = 4                                         {product} {ergonomic}
     uint ConcGCThreads                            = 3                                         {product} {ergonomic}
     uint G1ConcRefinementThreads                  = 10                                        {product} {ergonomic}
   size_t G1HeapRegionSize                         = 1048576                                   {product} {ergonomic}
    uintx GCDrainStackTargetSize                   = 64                                        {product} {ergonomic}
   size_t InitialHeapSize                          = 132120576                                 {product} {ergonomic}
   size_t MarkStackSize                            = 4194304                                   {product} {ergonomic}
   size_t MaxHeapSize                              = 2105540608                                {product} {ergonomic}
   size_t MaxNewSize                               = 1262485504                                {product} {ergonomic}
   size_t MinHeapDeltaBytes                        = 1048576                                   {product} {ergonomic}
   size_t MinHeapSize                              = 8388608                                   {product} {ergonomic}
    uintx NonNMethodCodeHeapSize                   = 5839372                                {pd product} {ergonomic}
    uintx NonProfiledCodeHeapSize                  = 122909434                              {pd product} {ergonomic}
    uintx ProfiledCodeHeapSize                     = 122909434                              {pd product} {ergonomic}
    uintx ReservedCodeCacheSize                    = 251658240                              {pd product} {ergonomic}
     bool SegmentedCodeCache                       = true                                      {product} {ergonomic}
     bool ShowCodeDetailsInExceptionMessages       = true                                   {manageable} {command line}
   size_t SoftMaxHeapSize                          = 2105540608                             {manageable} {ergonomic}
     bool UseCompressedClassPointers               = true                           {product lp64_product} {ergonomic}
     bool UseCompressedOops                        = true                           {product lp64_product} {ergonomic}
     bool UseG1GC                                  = true                                      {product} {ergonomic}
     bool UseLargePagesIndividualAllocation        = false                                  {pd product} {ergonomic}

Logging:
Log output configuration:
 #0: stdout all=warning uptime,level,tags foldmultilines=false
 #1: stderr all=off uptime,level,tags foldmultilines=false

Environment Variables:
CLASSPATH=C:\Program Files (x86)\MySQL\Connector J 8.0\mysql-connector-j-8.0.33.jar;.;
PATH=C:\Python311\Scripts\;C:\Python311\;C:\Program Files\Common Files\Oracle\Java\javapath;C:\Program Files (x86)\Common Files\Oracle\Java\javapath;C:\oraclexe\app\oracle\product\10.2.0\server\bin;C:\Windows\system32;C:\Windows;C:\Windows\System32\Wbem;C:\Windows\System32\WindowsPowerShell\v1.0\;C:\Windows\System32\OpenSSH\;C:\Program Files (x86)\NVIDIA Corporation\PhysX\Common;C:\Program Files\NVIDIA Corporation\NVIDIA NvDLISR;C:\WINDOWS\system32;C:\WINDOWS;C:\WINDOWS\System32\Wbem;C:\WINDOWS\System32\WindowsPowerShell\v1.0\;C:\WINDOWS\System32\OpenSSH\;C:\Program Files\Java\jdk-20\bin;C:\Program Files\nodejs\;C:\ProgramData\chocolatey\bin;C:\Program Files (x86)\MySQL\Connector J 8.0;C:\Program Files\Java\jre-1.8\bin;C:\Users\ANAND GARG\AppData\Local\Programs\Python\Python310\Scripts\;C:\Users\ANAND GARG\AppData\Local\Programs\Python\Python310\;C:\Users\ANAND GARG\AppData\Local\Microsoft\WindowsApps;C:\Users\ANAND GARG\AppData\Local\Programs\Microsoft VS Code\bin;C:\Program Files (x86)\mingw-w64\i686-8.1.0-posix-dwarf-rt_v6-rev0\mingw32\bin;C:\Users\ANAND GARG\AppData\Roaming\npm;"C:\Program Files (x86)\MySQL\Connector J 8.0\mysql-connector-j-8.0.33;.;";
USERNAME=ANAND GARG
LANG=en_US.UTF-8
OS=Windows_NT
PROCESSOR_IDENTIFIER=Intel64 Family 6 Model 165 Stepping 2, GenuineIntel
TMP=C:\Users\ANANDG~1\AppData\Local\Temp
TEMP=C:\Users\ANANDG~1\AppData\Local\Temp




---------------  S Y S T E M  ---------------

OS:
 Windows 10 , 64 bit Build 19041 (10.0.19041.2364)
OS uptime: 2 days 15:23 hours

CPU: total 12 (initial active 12) (6 cores per cpu, 2 threads per core) family 6 model 165 stepping 2 microcode 0xe2, cx8, cmov, fxsr, ht, mmx, 3dnowpref, sse, sse2, sse3, ssse3, sse4.1, sse4.2, popcnt, lzcnt, tsc, tscinvbit, avx, avx2, aes, erms, clmul, bmi1, bmi2, adx, fma, vzeroupper, clflush, clflushopt, rdtscp, f16c, pku

Memory: 4k page, system-wide physical 8027M (472M free)
TotalPageFile size 32603M (AvailPageFile size 5943M)
current process WorkingSet (physical memory assigned to process): 59M, peak: 59M
current process commit charge ("private bytes"): 223M, peak: 224M

vm_info: Java HotSpot(TM) 64-Bit Server VM (20.0.1+9-29) for windows-amd64 JRE (20.0.1+9-29), built on 2023-03-07T13:56:11Z by "mach5one" with MS VC++ 17.1 (VS2022)

END.
